\BOOKMARK [1][-]{section.1}{\376\377\170\024\172\166\200\314\146\157}{}% 1
\BOOKMARK [1][-]{section.2}{\376\377\170\024\172\166\166\356\166\204}{}% 2
\BOOKMARK [1][-]{section.3}{\376\377\145\160\143\156\213\364\146\016\116\016\145\160\143\156\147\145\156\220}{}% 3
\BOOKMARK [2][-]{subsection.3.1}{\376\377\145\160\143\156\143\317\217\360}{section.3}% 4
\BOOKMARK [2][-]{subsection.3.2}{\376\377\145\160\143\156\174\173\127\213}{section.3}% 5
\BOOKMARK [2][-]{subsection.3.3}{\376\377\145\160\143\156\150\067\117\213}{section.3}% 6
\BOOKMARK [1][-]{section.4}{\376\377\145\160\143\156\156\005\155\027}{}% 7
\BOOKMARK [2][-]{subsection.4.1}{\376\377\156\005\155\027\176\323\147\234}{section.4}% 8
\BOOKMARK [2][-]{subsection.4.2}{\376\377\145\160\143\156\150\074\137\017}{section.4}% 9
\BOOKMARK [2][-]{subsection.4.3}{\376\377\145\160\143\156\150\067\117\213}{section.4}% 10
\BOOKMARK [1][-]{section.5}{\376\377\145\160\143\156\123\357\211\306\123\026}{}% 11
\BOOKMARK [2][-]{subsection.5.1}{\376\377\172\172\154\024\154\273\164\006\142\020\145\110\123\357\211\306\123\026}{section.5}% 12
\BOOKMARK [3][-]{subsubsection.5.1.1}{\376\377\136\164\127\107\000A\000Q\000I\220\020\136\164\123\330\123\026\140\305\121\265}{subsection.5.1}% 13
\BOOKMARK [3][-]{subsubsection.5.1.2}{\376\377\116\073\211\201\154\141\147\323\162\151\166\204\220\020\136\164\123\330\123\026\140\305\121\265}{subsection.5.1}% 14
\BOOKMARK [3][-]{subsubsection.5.1.3}{\376\377\217\321\136\164\147\145\121\150\136\164\172\172\154\024\215\050\221\317\140\305\121\265}{subsection.5.1}% 15
\BOOKMARK [2][-]{subsection.5.2}{\376\377\123\027\116\254\136\002\172\172\154\024\215\050\221\317\166\204\145\366\172\172\162\171\137\201}{section.5}% 16
\BOOKMARK [3][-]{subsubsection.5.2.1}{\376\377\000A\000Q\000I\166\204\122\006\136\003\146\362\176\277}{subsection.5.2}% 17
\BOOKMARK [3][-]{subsubsection.5.2.2}{\376\377\123\027\116\254\136\002\172\172\154\024\215\050\221\317\166\204\123\072\127\337\162\171\137\201}{subsection.5.2}% 18
\BOOKMARK [3][-]{subsubsection.5.2.3}{\376\377\123\027\116\254\136\002\172\172\154\024\215\050\221\317\166\204\145\366\225\364\162\171\137\201}{subsection.5.2}% 19
\BOOKMARK [3][-]{subsubsection.5.2.4}{\376\377\123\027\116\254\136\002\172\172\154\024\215\050\221\317\166\204\145\366\172\172\166\370\121\163\140\047}{subsection.5.2}% 20
\BOOKMARK [3][-]{subsubsection.5.2.5}{\376\377\000A\000Q\000I\116\016\116\073\211\201\154\141\147\323\162\151\166\204\166\370\121\163\121\163\174\373}{subsection.5.2}% 21
\BOOKMARK [1][-]{section.6}{\376\377\176\323\213\272}{}% 22
\BOOKMARK [1][-]{section.7}{\376\377\201\364\214\042}{}% 23
